This file contains any messages produced by compilers while
running configure, to aid debugging if configure makes a mistake.

It was created by Mini-XML configure 2.11, which was
generated by GNU Autoconf 2.69.  Invocation command line was

  $ ./configure --enable-threads=no

## --------- ##
## Platform. ##
## --------- ##

hostname = gemteks-VirtualBox
uname -m = i686
uname -r = 4.4.0-31-generic
uname -s = Linux
uname -v = #50~14.04.1-Ubuntu SMP Wed Jul 13 01:06:37 UTC 2016

/usr/bin/uname -p = unknown
/bin/uname -X     = unknown

/bin/arch              = unknown
/usr/bin/arch -k       = unknown
/usr/convex/getsysinfo = unknown
/usr/bin/hostinfo      = unknown
/bin/machine           = unknown
/usr/bin/oslevel       = unknown
/bin/universe          = unknown

PATH: /usr/local/sbin
PATH: /usr/local/bin
PATH: /usr/sbin
PATH: /usr/bin
PATH: /sbin
PATH: /bin
PATH: /usr/games
PATH: /usr/local/games


## ----------- ##
## Core tests. ##
## ----------- ##

configure:2237: checking build system type
configure:2251: result: i686-pc-linux-gnu
configure:2271: checking host system type
configure:2284: result: i686-pc-linux-gnu
configure:2420: checking for gcc
configure:2436: found /usr/bin/gcc
configure:2447: result: gcc
configure:2676: checking for C compiler version
configure:2685: gcc --version >&5
gcc (Ubuntu 4.8.4-2ubuntu1~14.04.4) 4.8.4
Copyright (C) 2013 Free Software Foundation, Inc.
This is free software; see the source for copying conditions.  There is NO
warranty; not even for MERCHANTABILITY or FITNESS FOR A PARTICULAR PURPOSE.

configure:2696: $? = 0
configure:2685: gcc -v >&5
Using built-in specs.
COLLECT_GCC=gcc
COLLECT_LTO_WRAPPER=/usr/lib/gcc/i686-linux-gnu/4.8/lto-wrapper
Target: i686-linux-gnu
Configured with: ../src/configure -v --with-pkgversion='Ubuntu 4.8.4-2ubuntu1~14.04.4' --with-bugurl=file:///usr/share/doc/gcc-4.8/README.Bugs --enable-languages=c,c++,java,go,d,fortran,objc,obj-c++ --prefix=/usr --program-suffix=-4.8 --enable-shared --enable-linker-build-id --libexecdir=/usr/lib --without-included-gettext --enable-threads=posix --with-gxx-include-dir=/usr/include/c++/4.8 --libdir=/usr/lib --enable-nls --with-sysroot=/ --enable-clocale=gnu --enable-libstdcxx-debug --enable-libstdcxx-time=yes --enable-gnu-unique-object --disable-libmudflap --enable-plugin --with-system-zlib --disable-browser-plugin --enable-java-awt=gtk --enable-gtk-cairo --with-java-home=/usr/lib/jvm/java-1.5.0-gcj-4.8-i386/jre --enable-java-home --with-jvm-root-dir=/usr/lib/jvm/java-1.5.0-gcj-4.8-i386 --with-jvm-jar-dir=/usr/lib/jvm-exports/java-1.5.0-gcj-4.8-i386 --with-arch-directory=i386 --with-ecj-jar=/usr/share/java/eclipse-ecj.jar --enable-objc-gc --enable-targets=all --enable-multiarch --disable-werror --with-arch-32=i686 --with-multilib-list=m32,m64,mx32 --with-tune=generic --enable-checking=release --build=i686-linux-gnu --host=i686-linux-gnu --target=i686-linux-gnu
Thread model: posix
gcc version 4.8.4 (Ubuntu 4.8.4-2ubuntu1~14.04.4) 
configure:2696: $? = 0
configure:2685: gcc -V >&5
gcc: error: unrecognized command line option '-V'
gcc: fatal error: no input files
compilation terminated.
configure:2696: $? = 4
configure:2685: gcc -qversion >&5
gcc: error: unrecognized command line option '-qversion'
gcc: fatal error: no input files
compilation terminated.
configure:2696: $? = 4
configure:2716: checking whether the C compiler works
configure:2738: gcc    conftest.c  >&5
configure:2742: $? = 0
configure:2790: result: yes
configure:2793: checking for C compiler default output file name
configure:2795: result: a.out
configure:2801: checking for suffix of executables
configure:2808: gcc -o conftest    conftest.c  >&5
configure:2812: $? = 0
configure:2834: result: 
configure:2856: checking whether we are cross compiling
configure:2864: gcc -o conftest    conftest.c  >&5
configure:2868: $? = 0
configure:2875: ./conftest
configure:2879: $? = 0
configure:2894: result: no
configure:2899: checking for suffix of object files
configure:2921: gcc -c   conftest.c >&5
configure:2925: $? = 0
configure:2946: result: o
configure:2950: checking whether we are using the GNU C compiler
configure:2969: gcc -c   conftest.c >&5
configure:2969: $? = 0
configure:2978: result: yes
configure:2987: checking whether gcc accepts -g
configure:3007: gcc -c -g  conftest.c >&5
configure:3007: $? = 0
configure:3048: result: yes
configure:3065: checking for gcc option to accept ISO C89
configure:3128: gcc  -c   conftest.c >&5
configure:3128: $? = 0
configure:3141: result: none needed
configure:3219: checking for g++
configure:3235: found /usr/bin/g++
configure:3246: result: g++
configure:3273: checking for C++ compiler version
configure:3282: g++ --version >&5
g++ (Ubuntu 4.8.4-2ubuntu1~14.04.4) 4.8.4
Copyright (C) 2013 Free Software Foundation, Inc.
This is free software; see the source for copying conditions.  There is NO
warranty; not even for MERCHANTABILITY or FITNESS FOR A PARTICULAR PURPOSE.

configure:3293: $? = 0
configure:3282: g++ -v >&5
Using built-in specs.
COLLECT_GCC=g++
COLLECT_LTO_WRAPPER=/usr/lib/gcc/i686-linux-gnu/4.8/lto-wrapper
Target: i686-linux-gnu
Configured with: ../src/configure -v --with-pkgversion='Ubuntu 4.8.4-2ubuntu1~14.04.4' --with-bugurl=file:///usr/share/doc/gcc-4.8/README.Bugs --enable-languages=c,c++,java,go,d,fortran,objc,obj-c++ --prefix=/usr --program-suffix=-4.8 --enable-shared --enable-linker-build-id --libexecdir=/usr/lib --without-included-gettext --enable-threads=posix --with-gxx-include-dir=/usr/include/c++/4.8 --libdir=/usr/lib --enable-nls --with-sysroot=/ --enable-clocale=gnu --enable-libstdcxx-debug --enable-libstdcxx-time=yes --enable-gnu-unique-object --disable-libmudflap --enable-plugin --with-system-zlib --disable-browser-plugin --enable-java-awt=gtk --enable-gtk-cairo --with-java-home=/usr/lib/jvm/java-1.5.0-gcj-4.8-i386/jre --enable-java-home --with-jvm-root-dir=/usr/lib/jvm/java-1.5.0-gcj-4.8-i386 --with-jvm-jar-dir=/usr/lib/jvm-exports/java-1.5.0-gcj-4.8-i386 --with-arch-directory=i386 --with-ecj-jar=/usr/share/java/eclipse-ecj.jar --enable-objc-gc --enable-targets=all --enable-multiarch --disable-werror --with-arch-32=i686 --with-multilib-list=m32,m64,mx32 --with-tune=generic --enable-checking=release --build=i686-linux-gnu --host=i686-linux-gnu --target=i686-linux-gnu
Thread model: posix
gcc version 4.8.4 (Ubuntu 4.8.4-2ubuntu1~14.04.4) 
configure:3293: $? = 0
configure:3282: g++ -V >&5
g++: error: unrecognized command line option '-V'
g++: fatal error: no input files
compilation terminated.
configure:3293: $? = 4
configure:3282: g++ -qversion >&5
g++: error: unrecognized command line option '-qversion'
g++: fatal error: no input files
compilation terminated.
configure:3293: $? = 4
configure:3297: checking whether we are using the GNU C++ compiler
configure:3316: g++ -c   conftest.cpp >&5
configure:3316: $? = 0
configure:3325: result: yes
configure:3334: checking whether g++ accepts -g
configure:3354: g++ -c -g  conftest.cpp >&5
configure:3354: $? = 0
configure:3395: result: yes
configure:3432: checking for a BSD-compatible install
configure:3500: result: /usr/bin/install -c
configure:3558: checking for ranlib
configure:3574: found /usr/bin/ranlib
configure:3585: result: ranlib
configure:3650: checking for ar
configure:3666: found /usr/bin/ar
configure:3677: result: ar
configure:3701: checking for cp
configure:3719: found /bin/cp
configure:3731: result: /bin/cp
configure:3741: checking for ln
configure:3759: found /bin/ln
configure:3771: result: /bin/ln
configure:3781: checking for mkdir
configure:3799: found /bin/mkdir
configure:3811: result: /bin/mkdir
configure:3821: checking for rm
configure:3839: found /bin/rm
configure:3851: result: /bin/rm
configure:3872: checking for inline
configure:3888: gcc -c   conftest.c >&5
configure:3888: $? = 0
configure:3896: result: inline
configure:3919: checking for strdup
configure:3919: gcc -o conftest    conftest.c  >&5
conftest.c:33:6: warning: conflicting types for built-in function 'strdup' [enabled by default]
 char strdup ();
      ^
configure:3919: $? = 0
configure:3919: result: yes
configure:3919: checking for strlcat
configure:3919: gcc -o conftest    conftest.c  >&5
/tmp/cci206Db.o: In function `main':
conftest.c:(.text+0x7): undefined reference to `strlcat'
collect2: error: ld returned 1 exit status
configure:3919: $? = 1
configure: failed program was:
| /* confdefs.h */
| #define PACKAGE_NAME "Mini-XML"
| #define PACKAGE_TARNAME "mxml"
| #define PACKAGE_VERSION "2.11"
| #define PACKAGE_STRING "Mini-XML 2.11"
| #define PACKAGE_BUGREPORT "https://github.com/michaelrsweet/mxml/issues"
| #define PACKAGE_URL "https://michaelrsweet.github.io/mxml"
| #define MXML_VERSION "Mini-XML v2.11"
| #define HAVE_STRDUP 1
| /* end confdefs.h.  */
| /* Define strlcat to an innocuous variant, in case <limits.h> declares strlcat.
|    For example, HP-UX 11i <limits.h> declares gettimeofday.  */
| #define strlcat innocuous_strlcat
| 
| /* System header to define __stub macros and hopefully few prototypes,
|     which can conflict with char strlcat (); below.
|     Prefer <limits.h> to <assert.h> if __STDC__ is defined, since
|     <limits.h> exists even on freestanding compilers.  */
| 
| #ifdef __STDC__
| # include <limits.h>
| #else
| # include <assert.h>
| #endif
| 
| #undef strlcat
| 
| /* Override any GCC internal prototype to avoid an error.
|    Use char because int might match the return type of a GCC
|    builtin and then its argument prototype would still apply.  */
| #ifdef __cplusplus
| extern "C"
| #endif
| char strlcat ();
| /* The GNU C library defines this for functions which it implements
|     to always fail with ENOSYS.  Some functions are actually named
|     something starting with __ and the normal name is an alias.  */
| #if defined __stub_strlcat || defined __stub___strlcat
| choke me
| #endif
| 
| int
| main ()
| {
| return strlcat ();
|   ;
|   return 0;
| }
configure:3919: result: no
configure:3919: checking for strlcpy
configure:3919: gcc -o conftest    conftest.c  >&5
/tmp/ccoVVT6d.o: In function `main':
conftest.c:(.text+0x7): undefined reference to `strlcpy'
collect2: error: ld returned 1 exit status
configure:3919: $? = 1
configure: failed program was:
| /* confdefs.h */
| #define PACKAGE_NAME "Mini-XML"
| #define PACKAGE_TARNAME "mxml"
| #define PACKAGE_VERSION "2.11"
| #define PACKAGE_STRING "Mini-XML 2.11"
| #define PACKAGE_BUGREPORT "https://github.com/michaelrsweet/mxml/issues"
| #define PACKAGE_URL "https://michaelrsweet.github.io/mxml"
| #define MXML_VERSION "Mini-XML v2.11"
| #define HAVE_STRDUP 1
| /* end confdefs.h.  */
| /* Define strlcpy to an innocuous variant, in case <limits.h> declares strlcpy.
|    For example, HP-UX 11i <limits.h> declares gettimeofday.  */
| #define strlcpy innocuous_strlcpy
| 
| /* System header to define __stub macros and hopefully few prototypes,
|     which can conflict with char strlcpy (); below.
|     Prefer <limits.h> to <assert.h> if __STDC__ is defined, since
|     <limits.h> exists even on freestanding compilers.  */
| 
| #ifdef __STDC__
| # include <limits.h>
| #else
| # include <assert.h>
| #endif
| 
| #undef strlcpy
| 
| /* Override any GCC internal prototype to avoid an error.
|    Use char because int might match the return type of a GCC
|    builtin and then its argument prototype would still apply.  */
| #ifdef __cplusplus
| extern "C"
| #endif
| char strlcpy ();
| /* The GNU C library defines this for functions which it implements
|     to always fail with ENOSYS.  Some functions are actually named
|     something starting with __ and the normal name is an alias.  */
| #if defined __stub_strlcpy || defined __stub___strlcpy
| choke me
| #endif
| 
| int
| main ()
| {
| return strlcpy ();
|   ;
|   return 0;
| }
configure:3919: result: no
configure:3934: checking for snprintf
configure:3934: gcc -o conftest    conftest.c  >&5
conftest.c:34:6: warning: conflicting types for built-in function 'snprintf' [enabled by default]
 char snprintf ();
      ^
configure:3934: $? = 0
configure:3934: result: yes
configure:3934: checking for vasprintf
configure:3934: gcc -o conftest    conftest.c  >&5
configure:3934: $? = 0
configure:3934: result: yes
configure:3934: checking for vsnprintf
configure:3934: gcc -o conftest    conftest.c  >&5
conftest.c:36:6: warning: conflicting types for built-in function 'vsnprintf' [enabled by default]
 char vsnprintf ();
      ^
configure:3934: $? = 0
configure:3934: result: yes
configure:3945: checking for long long int
configure:3972: result: yes
configure:3984: checking for library containing gzgets
configure:4015: gcc -o conftest    conftest.c  >&5
/tmp/ccEQ7gym.o: In function `main':
conftest.c:(.text+0x7): undefined reference to `gzgets'
collect2: error: ld returned 1 exit status
configure:4015: $? = 1
configure: failed program was:
| /* confdefs.h */
| #define PACKAGE_NAME "Mini-XML"
| #define PACKAGE_TARNAME "mxml"
| #define PACKAGE_VERSION "2.11"
| #define PACKAGE_STRING "Mini-XML 2.11"
| #define PACKAGE_BUGREPORT "https://github.com/michaelrsweet/mxml/issues"
| #define PACKAGE_URL "https://michaelrsweet.github.io/mxml"
| #define MXML_VERSION "Mini-XML v2.11"
| #define HAVE_STRDUP 1
| #define HAVE_SNPRINTF 1
| #define HAVE_VASPRINTF 1
| #define HAVE_VSNPRINTF 1
| #define HAVE_LONG_LONG 1
| /* end confdefs.h.  */
| 
| /* Override any GCC internal prototype to avoid an error.
|    Use char because int might match the return type of a GCC
|    builtin and then its argument prototype would still apply.  */
| #ifdef __cplusplus
| extern "C"
| #endif
| char gzgets ();
| int
| main ()
| {
| return gzgets ();
|   ;
|   return 0;
| }
configure:4015: gcc -o conftest    conftest.c -lz   >&5
configure:4015: $? = 0
configure:4032: result: -lz
configure:4518: checking for shared library support
configure:4550: result: yes
configure:4817: creating ./config.status

## ---------------------- ##
## Running config.status. ##
## ---------------------- ##

This file was extended by Mini-XML config.status 2.11, which was
generated by GNU Autoconf 2.69.  Invocation command line was

  CONFIG_FILES    = 
  CONFIG_HEADERS  = 
  CONFIG_LINKS    = 
  CONFIG_COMMANDS = 
  $ ./config.status 

on gemteks-VirtualBox

config.status:833: creating Makefile
config.status:833: creating mxml.pc
config.status:833: creating config.h

## ---------------- ##
## Cache variables. ##
## ---------------- ##

ac_cv_build=i686-pc-linux-gnu
ac_cv_c_compiler_gnu=yes
ac_cv_c_inline=inline
ac_cv_c_long_long=yes
ac_cv_cxx_compiler_gnu=yes
ac_cv_env_CCC_set=
ac_cv_env_CCC_value=
ac_cv_env_CC_set=
ac_cv_env_CC_value=
ac_cv_env_CFLAGS_set=
ac_cv_env_CFLAGS_value=
ac_cv_env_CPPFLAGS_set=
ac_cv_env_CPPFLAGS_value=
ac_cv_env_CPP_set=
ac_cv_env_CPP_value=
ac_cv_env_CXXFLAGS_set=
ac_cv_env_CXXFLAGS_value=
ac_cv_env_CXX_set=
ac_cv_env_CXX_value=
ac_cv_env_LDFLAGS_set=
ac_cv_env_LDFLAGS_value=
ac_cv_env_LIBS_set=
ac_cv_env_LIBS_value=
ac_cv_env_build_alias_set=
ac_cv_env_build_alias_value=
ac_cv_env_host_alias_set=
ac_cv_env_host_alias_value=
ac_cv_env_target_alias_set=
ac_cv_env_target_alias_value=
ac_cv_func_snprintf=yes
ac_cv_func_strdup=yes
ac_cv_func_strlcat=no
ac_cv_func_strlcpy=no
ac_cv_func_vasprintf=yes
ac_cv_func_vsnprintf=yes
ac_cv_host=i686-pc-linux-gnu
ac_cv_objext=o
ac_cv_path_CP=/bin/cp
ac_cv_path_LN=/bin/ln
ac_cv_path_MKDIR=/bin/mkdir
ac_cv_path_RM=/bin/rm
ac_cv_path_install='/usr/bin/install -c'
ac_cv_prog_ac_ct_AR=ar
ac_cv_prog_ac_ct_CC=gcc
ac_cv_prog_ac_ct_CXX=g++
ac_cv_prog_ac_ct_RANLIB=ranlib
ac_cv_prog_cc_c89=
ac_cv_prog_cc_g=yes
ac_cv_prog_cxx_g=yes
ac_cv_search_gzgets=-lz

## ----------------- ##
## Output variables. ##
## ----------------- ##

AR='ar'
ARCHFLAGS=''
ARFLAGS='crvs'
CC='gcc'
CFLAGS='-Wall -D_GNU_SOURCE '
CP='/bin/cp'
CPP=''
CPPFLAGS=''
CXX='g++'
CXXFLAGS=''
DEFS='-DHAVE_CONFIG_H'
DSO='$(CC)'
DSOFLAGS=' -Wl,-soname,libmxml.so.1,-rpath,$(libdir) -shared $(OPTIM)'
ECHO_C=''
ECHO_N='-n'
ECHO_T=''
EGREP=''
EXEEXT=''
GREP=''
INSTALL_DATA='${INSTALL} -m 644'
INSTALL_PROGRAM='${INSTALL}'
INSTALL_SCRIPT='${INSTALL}'
LDFLAGS=' -Wl,-rpath,$(libdir)'
LIBMXML='libmxml.so.1.6'
LIBOBJS=''
LIBS='-lz -lz '
LN='/bin/ln'
LTLIBOBJS=''
MKDIR='/bin/mkdir'
MXML_EPUB='mxml.epub'
OBJEXT='o'
OPTIM='-fPIC -Os -g'
PACKAGE_BUGREPORT='https://github.com/michaelrsweet/mxml/issues'
PACKAGE_NAME='Mini-XML'
PACKAGE_STRING='Mini-XML 2.11'
PACKAGE_TARNAME='mxml'
PACKAGE_URL='https://michaelrsweet.github.io/mxml'
PACKAGE_VERSION='2.11'
PATH_SEPARATOR=':'
PC_CFLAGS='-I${prefix}/include'
PC_LIBS='-L${exec_prefix}/lib -lmxml'
PICFLAG='1'
PTHREAD_FLAGS=''
PTHREAD_LIBS=''
RANLIB='ranlib'
RM='/bin/rm'
SHELL='/bin/sh'
TARGETS='ALLTARGETS'
VERSION='2.11'
ZIPC='zipc.o'
ac_ct_CC='gcc'
ac_ct_CXX='g++'
bindir='${exec_prefix}/bin'
build='i686-pc-linux-gnu'
build_alias=''
build_cpu='i686'
build_os='linux-gnu'
build_vendor='pc'
datadir='${datarootdir}'
datarootdir='${prefix}/share'
docdir='${datarootdir}/doc/mxml'
dvidir='${docdir}'
exec_prefix='/usr/local'
host='i686-pc-linux-gnu'
host_alias=''
host_cpu='i686'
host_os='linux-gnu'
host_vendor='pc'
htmldir='${docdir}'
includedir='${prefix}/include'
infodir='${datarootdir}/info'
libdir='${exec_prefix}/lib'
libexecdir='${exec_prefix}/libexec'
localedir='${datarootdir}/locale'
localstatedir='${prefix}/var'
mandir='${datarootdir}/man'
oldincludedir='/usr/include'
pdfdir='${docdir}'
prefix='/usr/local'
program_transform_name='s,x,x,'
psdir='${docdir}'
runstatedir='${localstatedir}/run'
sbindir='${exec_prefix}/sbin'
sharedstatedir='${prefix}/com'
sysconfdir='${prefix}/etc'
target_alias=''

## ----------- ##
## confdefs.h. ##
## ----------- ##

/* confdefs.h */
#define PACKAGE_NAME "Mini-XML"
#define PACKAGE_TARNAME "mxml"
#define PACKAGE_VERSION "2.11"
#define PACKAGE_STRING "Mini-XML 2.11"
#define PACKAGE_BUGREPORT "https://github.com/michaelrsweet/mxml/issues"
#define PACKAGE_URL "https://michaelrsweet.github.io/mxml"
#define MXML_VERSION "Mini-XML v2.11"
#define HAVE_STRDUP 1
#define HAVE_SNPRINTF 1
#define HAVE_VASPRINTF 1
#define HAVE_VSNPRINTF 1
#define HAVE_LONG_LONG 1
#define HAVE_ZLIB_H 1

configure: exit 0
